Performing C SOURCE FILE Test CMAKE_HAVE_LIBC_PTHREAD failed with the following output:
Change Dir: /home/shakime/Desktop/CodeWorks/Progra1-Tests/VSC_Executable/cmake-build-debug/CMakeFiles/CMakeTmp

Run Build Command(s):/usr/bin/make cmTC_d3fe7/fast && /usr/bin/make -f CMakeFiles/cmTC_d3fe7.dir/build.make CMakeFiles/cmTC_d3fe7.dir/build
make[1]: Entering directory '/home/shakime/Desktop/CodeWorks/Progra1-Tests/VSC_Executable/cmake-build-debug/CMakeFiles/CMakeTmp'
Building C object CMakeFiles/cmTC_d3fe7.dir/src.c.o
/usr/bin/cc   -DCMAKE_HAVE_LIBC_PTHREAD   -o CMakeFiles/cmTC_d3fe7.dir/src.c.o   -c /home/shakime/Desktop/CodeWorks/Progra1-Tests/VSC_Executable/cmake-build-debug/CMakeFiles/CMakeTmp/src.c
Linking C executable cmTC_d3fe7
/snap/clion/114/bin/cmake/linux/bin/cmake -E cmake_link_script CMakeFiles/cmTC_d3fe7.dir/link.txt --verbose=1
/usr/bin/cc  -DCMAKE_HAVE_LIBC_PTHREAD    CMakeFiles/cmTC_d3fe7.dir/src.c.o  -o cmTC_d3fe7 
CMakeFiles/cmTC_d3fe7.dir/src.c.o: In function `main':
src.c:(.text+0x3e): undefined reference to `pthread_create'
src.c:(.text+0x4a): undefined reference to `pthread_detach'
src.c:(.text+0x5b): undefined reference to `pthread_join'
src.c:(.text+0x6f): undefined reference to `pthread_atfork'
collect2: error: ld returned 1 exit status
CMakeFiles/cmTC_d3fe7.dir/build.make:86: recipe for target 'cmTC_d3fe7' failed
make[1]: *** [cmTC_d3fe7] Error 1
make[1]: Leaving directory '/home/shakime/Desktop/CodeWorks/Progra1-Tests/VSC_Executable/cmake-build-debug/CMakeFiles/CMakeTmp'
Makefile:121: recipe for target 'cmTC_d3fe7/fast' failed
make: *** [cmTC_d3fe7/fast] Error 2


Source file was:
#include <pthread.h>

void* test_func(void* data)
{
  return data;
}

int main(void)
{
  pthread_t thread;
  pthread_create(&thread, NULL, test_func, NULL);
  pthread_detach(thread);
  pthread_join(thread, NULL);
  pthread_atfork(NULL, NULL, NULL);
  pthread_exit(NULL);

  return 0;
}

Determining if the function pthread_create exists in the pthreads failed with the following output:
Change Dir: /home/shakime/Desktop/CodeWorks/Progra1-Tests/VSC_Executable/cmake-build-debug/CMakeFiles/CMakeTmp

Run Build Command(s):/usr/bin/make cmTC_06353/fast && /usr/bin/make -f CMakeFiles/cmTC_06353.dir/build.make CMakeFiles/cmTC_06353.dir/build
make[1]: Entering directory '/home/shakime/Desktop/CodeWorks/Progra1-Tests/VSC_Executable/cmake-build-debug/CMakeFiles/CMakeTmp'
Building C object CMakeFiles/cmTC_06353.dir/CheckFunctionExists.c.o
/usr/bin/cc   -DCHECK_FUNCTION_EXISTS=pthread_create   -o CMakeFiles/cmTC_06353.dir/CheckFunctionExists.c.o   -c /snap/clion/114/bin/cmake/linux/share/cmake-3.16/Modules/CheckFunctionExists.c
Linking C executable cmTC_06353
/snap/clion/114/bin/cmake/linux/bin/cmake -E cmake_link_script CMakeFiles/cmTC_06353.dir/link.txt --verbose=1
/usr/bin/cc  -DCHECK_FUNCTION_EXISTS=pthread_create    CMakeFiles/cmTC_06353.dir/CheckFunctionExists.c.o  -o cmTC_06353  -lpthreads 
/usr/bin/ld: cannot find -lpthreads
collect2: error: ld returned 1 exit status
CMakeFiles/cmTC_06353.dir/build.make:86: recipe for target 'cmTC_06353' failed
make[1]: *** [cmTC_06353] Error 1
make[1]: Leaving directory '/home/shakime/Desktop/CodeWorks/Progra1-Tests/VSC_Executable/cmake-build-debug/CMakeFiles/CMakeTmp'
Makefile:121: recipe for target 'cmTC_06353/fast' failed
make: *** [cmTC_06353/fast] Error 2



